#
# There is insufficient memory for the Java Runtime Environment to continue.
# Native memory allocation (malloc) failed to allocate 325552 bytes for Chunk::new
# Possible reasons:
#   The system is out of physical RAM or swap space
#   The process is running with CompressedOops enabled, and the Java Heap may be blocking the growth of the native heap
# Possible solutions:
#   Reduce memory load on the system
#   Increase physical memory or swap space
#   Check if swap backing store is full
#   Decrease Java heap size (-Xmx/-Xms)
#   Decrease number of Java threads
#   Decrease Java thread stack sizes (-Xss)
#   Set larger code cache with -XX:ReservedCodeCacheSize=
#   JVM is running with Unscaled Compressed Oops mode in which the Java heap is
#     placed in the first 4GB address space. The Java Heap base address is the
#     maximum limit for the native heap growth. Please use -XX:HeapBaseMinAddress
#     to set the Java Heap base and to place the Java Heap above 4GB virtual address.
# This output file may be truncated or incomplete.
#
#  Out of Memory Error (allocation.cpp:389), pid=9492, tid=0x0000000000003f8c
#
# JRE version: OpenJDK Runtime Environment (8.0_202-b03) (build 1.8.0_202-release-1483-b03)
# Java VM: OpenJDK 64-Bit Server VM (25.202-b03 mixed mode windows-amd64 compressed oops)
# Failed to write core dump. Minidumps are not enabled by default on client versions of Windows
#

---------------  T H R E A D  ---------------

Current thread (0x00000000560d2000):  JavaThread "C2 CompilerThread0" daemon [_thread_in_native, id=16268, stack(0x00000000578f0000,0x00000000579f0000)]

Stack: [0x00000000578f0000,0x00000000579f0000]
[error occurred during error reporting (printing stack bounds), id 0xc0000005]

Native frames: (J=compiled Java code, j=interpreted, Vv=VM code, C=native code)


Current CompileTask:
C2:  27791 10982       4       com.android.tools.r8.ir.conversion.N::a (5667 bytes)


---------------  P R O C E S S  ---------------

Java Threads: ( => current thread )
  0x000000005e878800 JavaThread "WorkerExecutor Queue" [_thread_blocked, id=9656, stack(0x0000000065900000,0x0000000065a00000)]
  0x000000005e878000 JavaThread "Cache worker for execution history cache (C:\Users\eric\Documents\MyApplication\.gradle\5.4.1\executionHistory)" [_thread_blocked, id=10452, stack(0x0000000065480000,0x0000000065580000)]
  0x000000005e876800 JavaThread "Execution worker for ':' Thread 3" [_thread_in_Java, id=15324, stack(0x0000000064050000,0x0000000064150000)]
  0x000000005e875800 JavaThread "Execution worker for ':' Thread 2" [_thread_in_native, id=7992, stack(0x0000000063e20000,0x0000000063f20000)]
  0x000000005e875000 JavaThread "Execution worker for ':'" [_thread_blocked, id=13456, stack(0x00000000630e0000,0x00000000631e0000)]
  0x000000005e873800 JavaThread "Cache worker for file content cache (C:\Users\eric\Documents\MyApplication\.gradle\5.4.1\fileContent)" [_thread_blocked, id=1404, stack(0x00000000637a0000,0x00000000638a0000)]
  0x000000005e872800 JavaThread "Cache worker for file content cache (C:\Users\eric\.gradle\caches\5.4.1\fileContent)" [_thread_blocked, id=16420, stack(0x0000000063690000,0x0000000063790000)]
  0x00000000584a0800 JavaThread "Memory manager" [_thread_blocked, id=15876, stack(0x0000000062640000,0x0000000062740000)]
  0x000000005849d800 JavaThread "Cache worker for Build Output Cleanup Cache (C:\Users\eric\Documents\MyApplication\.gradle\buildOutputCleanup)" [_thread_blocked, id=7448, stack(0x00000000627c0000,0x00000000628c0000)]
  0x000000005849c800 JavaThread "Build operations Thread 4" [_thread_blocked, id=2712, stack(0x0000000061f10000,0x0000000062010000)]
  0x000000005849c000 JavaThread "Build operations Thread 3" [_thread_blocked, id=11096, stack(0x0000000061ab0000,0x0000000061bb0000)]
  0x000000005849b000 JavaThread "Build operations Thread 2" [_thread_blocked, id=17964, stack(0x00000000617f0000,0x00000000618f0000)]
  0x000000005849a800 JavaThread "Build operations" [_thread_blocked, id=14200, stack(0x0000000061950000,0x0000000061a50000)]
  0x0000000058499800 JavaThread "Cache worker for execution history cache (C:\Users\eric\.gradle\caches\5.4.1\executionHistory)" [_thread_blocked, id=18376, stack(0x000000005a9a0000,0x000000005aaa0000)]
  0x0000000058499000 JavaThread "Cache worker for cache directory md-rule (C:\Users\eric\.gradle\caches\5.4.1\md-rule)" [_thread_blocked, id=4048, stack(0x00000000606e0000,0x00000000607e0000)]
  0x0000000058498000 JavaThread "Cache worker for cache directory md-supplier (C:\Users\eric\.gradle\caches\5.4.1\md-supplier)" [_thread_blocked, id=12836, stack(0x00000000605e0000,0x00000000606e0000)]
  0x0000000058493000 JavaThread "Cache worker for file hash cache (C:\Users\eric\Documents\MyApplication\.gradle\5.4.1\fileHashes)" [_thread_blocked, id=8788, stack(0x000000005d8b0000,0x000000005d9b0000)]
  0x0000000058492000 JavaThread "Cache worker for journal cache (C:\Users\eric\.gradle\caches\journal-1)" [_thread_blocked, id=12088, stack(0x000000005b3e0000,0x000000005b4e0000)]
  0x0000000058491800 JavaThread "File lock request listener" [_thread_in_native, id=4296, stack(0x000000005aea0000,0x000000005afa0000)]
  0x0000000059adf800 JavaThread "Cache worker for file hash cache (C:\Users\eric\.gradle\caches\5.4.1\fileHashes)" [_thread_blocked, id=15852, stack(0x000000005b240000,0x000000005b340000)]
  0x0000000059734000 JavaThread "Thread-9" [_thread_blocked, id=5796, stack(0x000000005b120000,0x000000005b220000)]
  0x0000000059783800 JavaThread "Stdin handler" [_thread_blocked, id=15864, stack(0x000000005afb0000,0x000000005b0b0000)]
  0x0000000059968800 JavaThread "Asynchronous log dispatcher for DefaultDaemonConnection: socket connection from /127.0.0.1:58573 to /127.0.0.1:58574" [_thread_blocked, id=16808, stack(0x000000005ad90000,0x000000005ae90000)]
  0x0000000059737800 JavaThread "Daemon worker" [_thread_blocked, id=16180, stack(0x000000005ac20000,0x000000005ad20000)]
  0x0000000059738800 JavaThread "Cancel handler" [_thread_blocked, id=17344, stack(0x000000005aae0000,0x000000005abe0000)]
  0x0000000059955800 JavaThread "Handler for socket connection from /127.0.0.1:58573 to /127.0.0.1:58574" [_thread_in_native, id=18412, stack(0x000000005a6a0000,0x000000005a7a0000)]
  0x0000000059950000 JavaThread "Daemon" [_thread_blocked, id=3384, stack(0x000000005a240000,0x000000005a340000)]
  0x0000000059625000 JavaThread "Daemon periodic checks" [_thread_blocked, id=6828, stack(0x000000005a470000,0x000000005a570000)]
  0x000000005999e000 JavaThread "Incoming local TCP Connector on port 58573" [_thread_in_native, id=13420, stack(0x000000005a590000,0x000000005a690000)]
  0x000000005982e000 JavaThread "Daemon health stats" [_thread_blocked, id=17892, stack(0x0000000059ec0000,0x0000000059fc0000)]
  0x0000000057a71000 JavaThread "Service Thread" daemon [_thread_blocked, id=10180, stack(0x00000000581b0000,0x00000000582b0000)]
  0x00000000579f9000 JavaThread "C1 CompilerThread2" daemon [_thread_in_vm, id=17500, stack(0x0000000058000000,0x0000000058100000)]
  0x00000000579f4800 JavaThread "C2 CompilerThread1" daemon [_thread_in_native, id=14000, stack(0x0000000057e60000,0x0000000057f60000)]
=>0x00000000560d2000 JavaThread "C2 CompilerThread0" daemon [_thread_in_native, id=16268, stack(0x00000000578f0000,0x00000000579f0000)]
  0x00000000560de000 JavaThread "Attach Listener" daemon [_thread_blocked, id=17612, stack(0x0000000057770000,0x0000000057870000)]
  0x00000000560dd000 JavaThread "Signal Dispatcher" daemon [_thread_blocked, id=5808, stack(0x0000000057390000,0x0000000057490000)]
  0x00000000560b9000 JavaThread "Finalizer" daemon [_thread_blocked, id=18188, stack(0x0000000057620000,0x0000000057720000)]
  0x00000000560b1800 JavaThread "Reference Handler" daemon [_thread_blocked, id=4140, stack(0x00000000574b0000,0x00000000575b0000)]
  0x000000000226f000 JavaThread "main" [_thread_blocked, id=10340, stack(0x0000000002270000,0x0000000002370000)]

Other Threads:
  0x000000005606a000 VMThread [stack: 0x0000000057250000,0x0000000057350000] [id=4852]
  0x0000000057a30800 WatcherThread [stack: 0x0000000058380000,0x0000000058480000] [id=12820]

VM state:not at safepoint (normal execution)

VM Mutex/Monitor currently owned by a thread:  ([mutex/lock_event])
[0x000000000226db00] CompiledIC_lock - owner thread: 0x0000000000000000

OutOfMemory and StackOverflow Exception counts:
OutOfMemoryError java_heap_errors=1

heap address: 0x00000000a0000000, size: 1536 MB, Compressed Oops mode: 32-bit
Narrow klass base: 0x0000000000000000, Narrow klass shift: 0
Compressed class space size: 1073741824 Address: 0x00000000156e0000

Heap:
 PSYoungGen      total 326656K, used 173565K [0x00000000e0000000, 0x00000000f6000000, 0x0000000100000000)
  eden space 298496K, 51% used [0x00000000e0000000,0x00000000e94b8ea0,0x00000000f2380000)
  from space 28160K, 75% used [0x00000000f2380000,0x00000000f3846958,0x00000000f3f00000)
  to   space 27136K, 0% used [0x00000000f3f00000,0x00000000f3f00000,0x00000000f5980000)
 ParOldGen       total 171008K, used 38331K [0x00000000a0000000, 0x00000000aa700000, 0x00000000e0000000)
  object space 171008K, 22% used [0x00000000a0000000,0x00000000a256eeb0,0x00000000aa700000)
 Metaspace       used 74129K, capacity 77064K, committed 77144K, reserved 1116160K
  class space    used 9955K, capacity 10549K, committed 10624K, reserved 1048576K

Card table byte_map: [0x0000000011a00000,0x0000000011d10000] byte_map_base: 0x0000000011500000

Marking Bits: (ParMarkBitMap*) 0x000000006c649f30
 Begin Bits: [0x00000000123e0000, 0x0000000013be0000)
 End Bits:   [0x0000000013be0000, 0x00000000153e0000)

Polling page: 0x0000000000340000

CodeCache: size=245760Kb used=34862Kb max_used=34872Kb free=210897Kb
 bounds [0x0000000002640000, 0x0000000004870000, 0x0000000011640000]
 total_blobs=11271 nmethods=10444 adapters=737
 compilation: disabled (not enough contiguous free space left)

Compilation events (10 events):
Event: 27.745 Thread 0x00000000579f9000 nmethod 11875 0x0000000004867390 code [0x0000000004867620, 0x00000000048683b8]
Event: 27.745 Thread 0x00000000579f9000 11874  s    2       com.android.tools.build.apkzlib.utils.CachedSupplier::get (30 bytes)
Event: 27.746 Thread 0x00000000579f9000 nmethod 11874 0x0000000004868ed0 code [0x0000000004869040, 0x0000000004869348]
Event: 27.746 Thread 0x00000000579f9000 11877       2       com.google.common.collect.ObjectArrays::checkElementNotNull (33 bytes)
Event: 27.746 Thread 0x00000000579f9000 nmethod 11877 0x0000000004869410 code [0x00000000048695a0, 0x0000000004869958]
Event: 27.746 Thread 0x00000000579f9000 11878       1       com.google.common.base.Absent::isPresent (2 bytes)
Event: 27.746 Thread 0x00000000579f9000 nmethod 11878 0x0000000004869b90 code [0x0000000004869ce0, 0x0000000004869df0]
Event: 27.754 Thread 0x00000000579f9000 11883 %     3       com.android.tools.r8.ir.code.IRCode::a @ 16 (148 bytes)
Event: 27.755 Thread 0x00000000579f9000 nmethod 11883% 0x0000000004869e50 code [0x000000000486a0e0, 0x000000000486b3b8]
Event: 27.755 Thread 0x00000000579f9000 11884 %     3       com.android.tools.r8.t.a.a.f::a @ 1927 (4166 bytes)

GC Heap History (10 events):
Event: 8.610 GC heap before
{Heap before GC invocations=10 (full 2):
 PSYoungGen      total 172032K, used 118316K [0x00000000e0000000, 0x00000000f1700000, 0x0000000100000000)
  eden space 156672K, 65% used [0x00000000e0000000,0x00000000e6491d18,0x00000000e9900000)
  from space 15360K, 99% used [0x00000000e9900000,0x00000000ea7f9408,0x00000000ea800000)
  to   space 19456K, 0% used [0x00000000f0400000,0x00000000f0400000,0x00000000f1700000)
 ParOldGen       total 121344K, used 23939K [0x00000000a0000000, 0x00000000a7680000, 0x00000000e0000000)
  object space 121344K, 19% used [0x00000000a0000000,0x00000000a1760ee0,0x00000000a7680000)
 Metaspace       used 57331K, capacity 58942K, committed 59096K, reserved 1099776K
  class space    used 7762K, capacity 8164K, committed 8192K, reserved 1048576K
Event: 8.648 GC heap after
Heap after GC invocations=10 (full 2):
 PSYoungGen      total 263168K, used 19439K [0x00000000e0000000, 0x00000000f2480000, 0x0000000100000000)
  eden space 243712K, 0% used [0x00000000e0000000,0x00000000e0000000,0x00000000eee00000)
  from space 19456K, 99% used [0x00000000f0400000,0x00000000f16fbc18,0x00000000f1700000)
  to   space 22528K, 0% used [0x00000000eee00000,0x00000000eee00000,0x00000000f0400000)
 ParOldGen       total 121344K, used 24541K [0x00000000a0000000, 0x00000000a7680000, 0x00000000e0000000)
  object space 121344K, 20% used [0x00000000a0000000,0x00000000a17f7578,0x00000000a7680000)
 Metaspace       used 57331K, capacity 58942K, committed 59096K, reserved 1099776K
  class space    used 7762K, capacity 8164K, committed 8192K, reserved 1048576K
}
Event: 8.648 GC heap before
{Heap before GC invocations=11 (full 3):
 PSYoungGen      total 263168K, used 19439K [0x00000000e0000000, 0x00000000f2480000, 0x0000000100000000)
  eden space 243712K, 0% used [0x00000000e0000000,0x00000000e0000000,0x00000000eee00000)
  from space 19456K, 99% used [0x00000000f0400000,0x00000000f16fbc18,0x00000000f1700000)
  to   space 22528K, 0% used [0x00000000eee00000,0x00000000eee00000,0x00000000f0400000)
 ParOldGen       total 121344K, used 24541K [0x00000000a0000000, 0x00000000a7680000, 0x00000000e0000000)
  object space 121344K, 20% used [0x00000000a0000000,0x00000000a17f7578,0x00000000a7680000)
 Metaspace       used 57331K, capacity 58942K, committed 59096K, reserved 1099776K
  class space    used 7762K, capacity 8164K, committed 8192K, reserved 1048576K
Event: 8.814 GC heap after
Heap after GC invocations=11 (full 3):
 PSYoungGen      total 263168K, used 0K [0x00000000e0000000, 0x00000000f2480000, 0x0000000100000000)
  eden space 243712K, 0% used [0x00000000e0000000,0x00000000e0000000,0x00000000eee00000)
  from space 19456K, 0% used [0x00000000f0400000,0x00000000f0400000,0x00000000f1700000)
  to   space 22528K, 0% used [0x00000000eee00000,0x00000000eee00000,0x00000000f0400000)
 ParOldGen       total 171008K, used 34836K [0x00000000a0000000, 0x00000000aa700000, 0x00000000e0000000)
  object space 171008K, 20% used [0x00000000a0000000,0x00000000a22050e8,0x00000000aa700000)
 Metaspace       used 57331K, capacity 58942K, committed 59096K, reserved 1099776K
  class space    used 7762K, capacity 8164K, committed 8192K, reserved 1048576K
}
Event: 23.585 GC heap before
{Heap before GC invocations=12 (full 3):
 PSYoungGen      total 263168K, used 243712K [0x00000000e0000000, 0x00000000f2480000, 0x0000000100000000)
  eden space 243712K, 100% used [0x00000000e0000000,0x00000000eee00000,0x00000000eee00000)
  from space 19456K, 0% used [0x00000000f0400000,0x00000000f0400000,0x00000000f1700000)
  to   space 22528K, 0% used [0x00000000eee00000,0x00000000eee00000,0x00000000f0400000)
 ParOldGen       total 171008K, used 34836K [0x00000000a0000000, 0x00000000aa700000, 0x00000000e0000000)
  object space 171008K, 20% used [0x00000000a0000000,0x00000000a22050e8,0x00000000aa700000)
 Metaspace       used 70802K, capacity 73294K, committed 73560K, reserved 1112064K
  class space    used 9700K, capacity 10258K, committed 10368K, reserved 1048576K
Event: 23.605 GC heap after
Heap after GC invocations=12 (full 3):
 PSYoungGen      total 266240K, used 22503K [0x00000000e0000000, 0x00000000f5980000, 0x0000000100000000)
  eden space 243712K, 0% used [0x00000000e0000000,0x00000000e0000000,0x00000000eee00000)
  from space 22528K, 99% used [0x00000000eee00000,0x00000000f03f9c70,0x00000000f0400000)
  to   space 27136K, 0% used [0x00000000f3f00000,0x00000000f3f00000,0x00000000f5980000)
 ParOldGen       total 171008K, used 38315K [0x00000000a0000000, 0x00000000aa700000, 0x00000000e0000000)
  object space 171008K, 22% used [0x00000000a0000000,0x00000000a256aeb0,0x00000000aa700000)
 Metaspace       used 70802K, capacity 73294K, committed 73560K, reserved 1112064K
  class space    used 9700K, capacity 10258K, committed 10368K, reserved 1048576K
}
Event: 25.317 GC heap before
{Heap before GC invocations=13 (full 3):
 PSYoungGen      total 266240K, used 266215K [0x00000000e0000000, 0x00000000f5980000, 0x0000000100000000)
  eden space 243712K, 100% used [0x00000000e0000000,0x00000000eee00000,0x00000000eee00000)
  from space 22528K, 99% used [0x00000000eee00000,0x00000000f03f9c70,0x00000000f0400000)
  to   space 27136K, 0% used [0x00000000f3f00000,0x00000000f3f00000,0x00000000f5980000)
 ParOldGen       total 171008K, used 38315K [0x00000000a0000000, 0x00000000aa700000, 0x00000000e0000000)
  object space 171008K, 22% used [0x00000000a0000000,0x00000000a256aeb0,0x00000000aa700000)
 Metaspace       used 72980K, capacity 75844K, committed 75992K, reserved 1114112K
  class space    used 9870K, capacity 10455K, committed 10496K, reserved 1048576K
Event: 25.368 GC heap after
Heap after GC invocations=13 (full 3):
 PSYoungGen      total 325632K, used 19445K [0x00000000e0000000, 0x00000000f6000000, 0x0000000100000000)
  eden space 298496K, 0% used [0x00000000e0000000,0x00000000e0000000,0x00000000f2380000)
  from space 27136K, 71% used [0x00000000f3f00000,0x00000000f51fd440,0x00000000f5980000)
  to   space 28160K, 0% used [0x00000000f2380000,0x00000000f2380000,0x00000000f3f00000)
 ParOldGen       total 171008K, used 38315K [0x00000000a0000000, 0x00000000aa700000, 0x00000000e0000000)
  object space 171008K, 22% used [0x00000000a0000000,0x00000000a256aeb0,0x00000000aa700000)
 Metaspace       used 72980K, capacity 75844K, committed 75992K, reserved 1114112K
  class space    used 9870K, capacity 10455K, committed 10496K, reserved 1048576K
}
Event: 27.297 GC heap before
{Heap before GC invocations=14 (full 3):
 PSYoungGen      total 325632K, used 317941K [0x00000000e0000000, 0x00000000f6000000, 0x0000000100000000)
  eden space 298496K, 100% used [0x00000000e0000000,0x00000000f2380000,0x00000000f2380000)
  from space 27136K, 71% used [0x00000000f3f00000,0x00000000f51fd440,0x00000000f5980000)
  to   space 28160K, 0% used [0x00000000f2380000,0x00000000f2380000,0x00000000f3f00000)
 ParOldGen       total 171008K, used 38315K [0x00000000a0000000, 0x00000000aa700000, 0x00000000e0000000)
  object space 171008K, 22% used [0x00000000a0000000,0x00000000a256aeb0,0x00000000aa700000)
 Metaspace       used 73717K, capacity 76616K, committed 76760K, reserved 1116160K
  class space    used 9905K, capacity 10495K, committed 10496K, reserved 1048576K
Event: 27.352 GC heap after
Heap after GC invocations=14 (full 3):
 PSYoungGen      total 326656K, used 21274K [0x00000000e0000000, 0x00000000f6000000, 0x0000000100000000)
  eden space 298496K, 0% used [0x00000000e0000000,0x00000000e0000000,0x00000000f2380000)
  from space 28160K, 75% used [0x00000000f2380000,0x00000000f3846958,0x00000000f3f00000)
  to   space 27136K, 0% used [0x00000000f3f00000,0x00000000f3f00000,0x00000000f5980000)
 ParOldGen       total 171008K, used 38331K [0x00000000a0000000, 0x00000000aa700000, 0x00000000e0000000)
  object space 171008K, 22% used [0x00000000a0000000,0x00000000a256eeb0,0x00000000aa700000)
 Metaspace       used 73717K, capacity 76616K, committed 76760K, reserved 1116160K
  class space    used 9905K, capacity 10495K, committed 10496K, reserved 1048576K
}

Deoptimization events (10 events):
Event: 27.191 Thread 0x000000005e876800 Uncommon trap: reason=unstable_if action=reinterpret pc=0x000000000396ab08 method=sun.nio.fs.WindowsPath.compareTo(Ljava/nio/file/Path;)I @ 76
Event: 27.490 Thread 0x000000005e876800 Uncommon trap: reason=unstable_if action=reinterpret pc=0x000000000397fd98 method=java.io.BufferedOutputStream.write(I)V @ 9
Event: 27.722 Thread 0x000000005e878800 Uncommon trap: reason=unstable_if action=reinterpret pc=0x000000000284aa3c method=java.lang.String.indexOf([CII[CIII)I @ 27
Event: 27.722 Thread 0x000000005e875000 Uncommon trap: reason=predicate action=maybe_recompile pc=0x00000000029a9594 method=java.util.TimSort.binarySort([Ljava/lang/Object;IIILjava/util/Comparator;)V @ 37
Event: 27.768 Thread 0x000000005e876800 Uncommon trap: reason=unstable_if action=reinterpret pc=0x0000000003d17af8 method=com.android.tools.r8.t.a.a.f.a(II[C)Ljava/lang/String; @ 32
Event: 27.768 Thread 0x000000005e876800 Uncommon trap: reason=unstable_if action=reinterpret pc=0x0000000003b31f68 method=com.android.tools.r8.graph.DexString.<init>(Ljava/lang/String;)V @ 39
Event: 27.774 Thread 0x000000005e876800 Uncommon trap: reason=unstable_if action=reinterpret pc=0x0000000003b70400 method=com.android.tools.r8.utils.t.a(I)Z @ 45
Event: 27.784 Thread 0x000000005e878800 Uncommon trap: reason=class_check action=maybe_recompile pc=0x0000000002bc11ac method=java.lang.Throwable.<init>(Ljava/lang/String;Ljava/lang/Throwable;)V @ 24
Event: 27.786 Thread 0x000000005e876800 Uncommon trap: reason=unstable_if action=reinterpret pc=0x0000000003b73850 method=com.android.tools.r8.t.a.a.f.a(II[C)Ljava/lang/String; @ 32
Event: 27.787 Thread 0x000000005e875800 Uncommon trap: reason=class_check action=maybe_recompile pc=0x0000000002bc11ac method=java.lang.Throwable.<init>(Ljava/lang/String;Ljava/lang/Throwable;)V @ 24

Classes redefined (0 events):
No events

Internal exceptions (10 events):
Event: 27.432 Thread 0x0000000059737800 Exception <a 'sun/nio/fs/WindowsException'> (0x00000000e2aac620) thrown at [D:\src\AOSP-openjdk-cygwin\jdk8u\hotspot\src\share\vm\prims\jni.cpp, line 710]
Event: 27.463 Thread 0x000000005e876800 Exception <a 'sun/nio/fs/WindowsException'> (0x00000000e44b0960) thrown at [D:\src\AOSP-openjdk-cygwin\jdk8u\hotspot\src\share\vm\prims\jni.cpp, line 710]
Event: 27.463 Thread 0x000000005e876800 Exception <a 'sun/nio/fs/WindowsException'> (0x00000000e44b1658) thrown at [D:\src\AOSP-openjdk-cygwin\jdk8u\hotspot\src\share\vm\prims\jni.cpp, line 710]
Event: 27.463 Thread 0x000000005e876800 Exception <a 'sun/nio/fs/WindowsException'> (0x00000000e44b3068) thrown at [D:\src\AOSP-openjdk-cygwin\jdk8u\hotspot\src\share\vm\prims\jni.cpp, line 710]
Event: 27.464 Thread 0x000000005e876800 Exception <a 'sun/nio/fs/WindowsException'> (0x00000000e44b4398) thrown at [D:\src\AOSP-openjdk-cygwin\jdk8u\hotspot\src\share\vm\prims\jni.cpp, line 710]
Event: 27.597 Thread 0x0000000059737800 Exception <a 'sun/nio/fs/WindowsException'> (0x00000000e4bb3fe8) thrown at [D:\src\AOSP-openjdk-cygwin\jdk8u\hotspot\src\share\vm\prims\jni.cpp, line 710]
Event: 27.671 Thread 0x000000005e875000 Exception <a 'sun/nio/fs/WindowsException'> (0x00000000e4627db0) thrown at [D:\src\AOSP-openjdk-cygwin\jdk8u\hotspot\src\share\vm\prims\jni.cpp, line 710]
Event: 27.724 Thread 0x000000005e875000 Exception <a 'sun/nio/fs/WindowsException'> (0x00000000e76928b0) thrown at [D:\src\AOSP-openjdk-cygwin\jdk8u\hotspot\src\share\vm\prims\jni.cpp, line 710]
Event: 27.752 Thread 0x000000005e876800 Exception <a 'sun/nio/fs/WindowsException'> (0x00000000e7fce640) thrown at [D:\src\AOSP-openjdk-cygwin\jdk8u\hotspot\src\share\vm\prims\jni.cpp, line 710]
Event: 27.783 Thread 0x000000005e878800 Exception <a 'java/lang/OutOfMemoryError'> (0x00000000e924bfb8) thrown at [D:\src\AOSP-openjdk-cygwin\jdk8u\hotspot\src\share\vm\prims\jni.cpp, line 736]

Events (10 events):
Event: 27.786 Thread 0x000000005e876800 Uncommon trap: trap_request=0xffffff65 fr.pc=0x0000000003b73850
Event: 27.786 Thread 0x000000005e876800 DEOPT PACKING pc=0x0000000003b73850 sp=0x000000006414b350
Event: 27.786 Thread 0x000000005e876800 DEOPT UNPACKING pc=0x000000000268557b sp=0x000000006414b328 mode 2
Event: 27.786 Thread 0x00000000579f9000 flushing nmethod 0x00000000031429d0
Event: 27.787 Thread 0x00000000579f9000 flushing nmethod 0x00000000031a5490
Event: 27.787 Thread 0x000000005e875800 Uncommon trap: trap_request=0xffffffde fr.pc=0x0000000002bc11ac
Event: 27.787 Thread 0x000000005e875800 DEOPT PACKING pc=0x0000000002bc11ac sp=0x0000000063f1c380
Event: 27.787 Thread 0x000000005e875800 DEOPT UNPACKING pc=0x000000000268557b sp=0x0000000063f1c368 mode 2
Event: 27.788 loading class org/gradle/internal/exceptions/DefaultMultiCauseException$1
Event: 27.788 loading class org/gradle/internal/exceptions/DefaultMultiCauseException$1 done


Dynamic libraries:
0x000000013f680000 - 0x000000013f6b1000 	C:\Program Files\Android\Android Studio1\jre\bin\java.exe
0x00000000772d0000 - 0x0000000077479000 	C:\Windows\SYSTEM32\ntdll.dll
0x0000000076f50000 - 0x000000007706f000 	C:\Windows\system32\kernel32.dll
0x000007fefd8e0000 - 0x000007fefd94c000 	C:\Windows\system32\KERNELBASE.dll
0x000007feff390000 - 0x000007feff46b000 	C:\Windows\system32\ADVAPI32.dll
0x000007feff540000 - 0x000007feff5df000 	C:\Windows\system32\msvcrt.dll
0x000007fefdbb0000 - 0x000007fefdbcf000 	C:\Windows\SYSTEM32\sechost.dll
0x000007fefee00000 - 0x000007fefef2d000 	C:\Windows\system32\RPCRT4.dll
0x00000000771d0000 - 0x00000000772ca000 	C:\Windows\system32\USER32.dll
0x000007fefddb0000 - 0x000007fefde17000 	C:\Windows\system32\GDI32.dll
0x000007fefef30000 - 0x000007fefef3e000 	C:\Windows\system32\LPK.dll
0x000007fefef40000 - 0x000007feff009000 	C:\Windows\system32\USP10.dll
0x000007fefd0a0000 - 0x000007fefd294000 	C:\Windows\WinSxS\amd64_microsoft.windows.common-controls_6595b64144ccf1df_6.0.7601.17514_none_fa396087175ac9ac\COMCTL32.dll
0x000007fefed80000 - 0x000007fefedf1000 	C:\Windows\system32\SHLWAPI.dll
0x000007feff470000 - 0x000007feff49e000 	C:\Windows\system32\IMM32.DLL
0x000007fefec70000 - 0x000007fefed79000 	C:\Windows\system32\MSCTF.dll
0x0000000065800000 - 0x00000000658d2000 	C:\Program Files\Android\Android Studio1\jre\jre\bin\msvcr100.dll
0x000000006be80000 - 0x000000006c6c6000 	C:\Program Files\Android\Android Studio1\jre\jre\bin\server\jvm.dll
0x000007fef7df0000 - 0x000007fef7df9000 	C:\Windows\system32\WSOCK32.dll
0x000007fefdb60000 - 0x000007fefdbad000 	C:\Windows\system32\WS2_32.dll
0x000007feff380000 - 0x000007feff388000 	C:\Windows\system32\NSI.dll
0x000007fefa230000 - 0x000007fefa26b000 	C:\Windows\system32\WINMM.dll
0x000007fefc830000 - 0x000007fefc83c000 	C:\Windows\system32\VERSION.dll
0x00000000774a0000 - 0x00000000774a7000 	C:\Windows\system32\PSAPI.DLL
0x000007feeeb90000 - 0x000007feeeb9f000 	C:\Program Files\Android\Android Studio1\jre\jre\bin\verify.dll
0x000007feee650000 - 0x000007feee679000 	C:\Program Files\Android\Android Studio1\jre\jre\bin\java.dll
0x000007feee910000 - 0x000007feee926000 	C:\Program Files\Android\Android Studio1\jre\jre\bin\zip.dll
0x000007fefdec0000 - 0x000007fefec48000 	C:\Windows\system32\SHELL32.dll
0x000007feff170000 - 0x000007feff373000 	C:\Windows\system32\ole32.dll
0x000007fefd730000 - 0x000007fefd73f000 	C:\Windows\system32\profapi.dll
0x000007feee630000 - 0x000007feee64a000 	C:\Program Files\Android\Android Studio1\jre\jre\bin\net.dll
0x000007fefcc10000 - 0x000007fefcc65000 	C:\Windows\system32\mswsock.dll
0x000007fefccd0000 - 0x000007fefccd7000 	C:\Windows\System32\wship6.dll
0x000007feee250000 - 0x000007feee261000 	C:\Program Files\Android\Android Studio1\jre\jre\bin\nio.dll
0x000007fee9660000 - 0x000007fee9686000 	C:\Users\eric\.gradle\native\29\windows-amd64\native-platform.dll
0x000007fefc010000 - 0x000007fefc013000 	C:\Windows\system32\api-ms-win-core-synch-l1-2-0.DLL
0x000007feeeb80000 - 0x000007feeeb8d000 	C:\Program Files\Android\Android Studio1\jre\jre\bin\management.dll
0x000007fefcc70000 - 0x000007fefcc87000 	C:\Windows\system32\CRYPTSP.dll
0x000007fefc990000 - 0x000007fefc9d7000 	C:\Windows\system32\rsaenh.dll
0x000007fefc260000 - 0x000007fefc27e000 	C:\Windows\system32\USERENV.dll
0x000007fefd620000 - 0x000007fefd62f000 	C:\Windows\system32\CRYPTBASE.dll
0x000007fefa0a0000 - 0x000007fefa0c7000 	C:\Windows\system32\IPHLPAPI.DLL
0x000007fefa060000 - 0x000007fefa06b000 	C:\Windows\system32\WINNSI.DLL
0x000007fef9e40000 - 0x000007fef9e58000 	C:\Windows\system32\dhcpcsvc.DLL
0x000007fef9ec0000 - 0x000007fef9ed1000 	C:\Windows\system32\dhcpcsvc6.DLL

VM Arguments:
jvm_args: -Xmx1536m -Dfile.encoding=windows-1252 -Duser.country=US -Duser.language=en -Duser.variant 
java_command: org.gradle.launcher.daemon.bootstrap.GradleDaemon 5.4.1
java_class_path (initial): C:\Users\eric\.gradle\wrapper\dists\gradle-5.4.1-all\3221gyojl5jsh0helicew7rwx\gradle-5.4.1\lib\gradle-launcher-5.4.1.jar
Launcher Type: SUN_STANDARD

Environment Variables:
CLASSPATH=.;C:\Program Files (x86)\QuickTime\QTSystem\QTJava.zip
PATH=C:\WinAVR-20100110\bin;C:\WinAVR-20100110\utils\bin;C:\ProgramData\Oracle\Java\javapath;C:\Program Files\Common Files\Microsoft Shared\Windows Live;C:\Program Files (x86)\Common Files\Microsoft Shared\Windows Live;C:\Windows\system32;C:\Windows;C:\Windows\System32\Wbem;C:\Windows\System32\WindowsPowerShell\v1.0\;C:\Program Files (x86)\QuickTime\QTSystem\;C:\Program Files (x86)\MATLAB\MATLAB Component Runtime\v77\runtime\win32;C:\Program Files (x86)\Autodesk\Backburner\;C:\Program Files\Common Files\Autodesk Shared\;C:\Program Files (x86)\Windows Live\Shared;C:\Users\eric\android-sdks\platform-tools;C:\Program Files\Microsoft\Web Platform Installer\;C:\Program Files (x86)\Skype\Phone\;C:\Program Files (x86)\NVIDIA Corporation\PhysX\Common;C:\Program Files\Microsoft Network Monitor 3\;C:\Program Files\Git\cmd;C:\Users\eric\AppData\Local\Google\Cloud SDK\google-cloud-sdk\bin;C:\Wugs_GnexRootToolkit\data" -m;C:\Users\eric\AppData\Local\Google\Cloud SDK\google-cloud-sdk\bin
USERNAME=eric
OS=Windows_NT
PROCESSOR_IDENTIFIER=Intel64 Family 6 Model 58 Stepping 9, GenuineIntel



---------------  S Y S T E M  ---------------

OS: Windows 7 , 64 bit Build 7601 (6.1.7601.17651)

CPU:total 4 (initial active 4) (4 cores per cpu, 1 threads per core) family 6 model 58 stepping 9, cmov, cx8, fxsr, mmx, sse, sse2, sse3, ssse3, sse4.1, sse4.2, popcnt, avx, aes, clmul, erms, tsc, tscinvbit, tscinv

Memory: 4k page, physical 12463508k(841816k free), swap 16557656k(5052k free)

vm_info: OpenJDK 64-Bit Server VM (25.202-b03) for windows-amd64 JRE (1.8.0_202-release-1483-b03), built by "builder" with MS VC++ 10.0 (VS2010)

time: Mon May 18 17:20:34 2020
timezone: Pacific Daylight Time
elapsed time: 27 seconds (0d 0h 0m 27s)

